<?xml version="1.0" encoding="UTF-8"?>
<!-- Generated by org.testng.reporters.JUnitXMLReporter -->
<testsuite hostname="DESKTOP-QRB56CU" ignored="0" name="Test" tests="6" failures="1" timestamp="2024-09-18T12:13:10 EDT" time="55.537" errors="0">
  <testcase name="addANewAddress" time="11.626" classname="testCases.AddressbookPageTest"/>
  <testcase name="addNewAddress" time="2.145" classname="testCases.AddressbookPageTest">
    <failure type="org.openqa.selenium.NoSuchElementException" message="Cannot locate option with text: Saint Helena
For documentation on this error, please visit: https://www.selenium.dev/documentation/webdriver/troubleshooting/errors#no-such-element-exception
Build info: version: &amp;apos;4.13.0&amp;apos;, revision: &amp;apos;ba948ece5b*&amp;apos;
System info: os.name: &amp;apos;Windows 10&amp;apos;, os.arch: &amp;apos;amd64&amp;apos;, os.version: &amp;apos;10.0&amp;apos;, java.version: &amp;apos;1.8.0_333&amp;apos;
Driver info: driver.version: unknown">
      <![CDATA[org.openqa.selenium.NoSuchElementException: Cannot locate option with text: Saint Helena
For documentation on this error, please visit: https://www.selenium.dev/documentation/webdriver/troubleshooting/errors#no-such-element-exception
Build info: version: '4.13.0', revision: 'ba948ece5b*'
System info: os.name: 'Windows 10', os.arch: 'amd64', os.version: '10.0', java.version: '1.8.0_333'
Driver info: driver.version: unknown
at org.openqa.selenium.support.ui.Select.selectByVisibleText(Select.java:153)
at pageObjects.AddressBookPage.newAddressWithAllFields(AddressBookPage.java:124)
at testCases.AddressbookPageTest.addNewAddress(AddressbookPageTest.java:73)
at java.util.ArrayList.forEach(ArrayList.java:1259)
... Removed 31 stack frames]]>
    </failure>
  </testcase> <!-- addNewAddress -->
  <testcase name="verifyLoginWithInvalidIdAndInvalidPassword" time="0.692" classname="testCases.LoginPageTest"/>
  <testcase name="verifyLoginWithInvalidIdAndvalidPassword" time="0.72" classname="testCases.LoginPageTest"/>
  <testcase name="verifyLoginWithValidCredentials" time="1.077" classname="testCases.LoginPageTest"/>
  <testcase name="verifyLoginWithvalidIdAndInvalidPassword" time="0.864" classname="testCases.LoginPageTest"/>
</testsuite> <!-- Test -->
