<!DOCTYPE html PUBLIC "-//W3C//DTD XHTML 1.1//EN" "https://www.w3.org/TR/xhtml11/DTD/xhtml11.dtd">
<html xmlns="https://www.w3.org/1999/xhtml">
<head>
<meta http-equiv="content-type" content="text/html; charset=UTF-8"/>
<title>TestNG Report</title>
<style type="text/css">table {margin-bottom:10px;border-collapse:collapse;empty-cells:show}th,td {border:1px solid #009;padding:.25em .5em}th {vertical-align:bottom}td {vertical-align:top}table a {font-weight:bold}.stripe td {background-color: #E6EBF9}.num {text-align:right}.passedodd td {background-color: #3F3}.passedeven td {background-color: #0A0}.skippedodd td {background-color: #DDD}.skippedeven td {background-color: #CCC}.failedodd td,.attn {background-color: #F33}.failedeven td,.stripe .attn {background-color: #D00}.stacktrace {white-space:pre;font-family:monospace}.totop {font-size:85%;text-align:center;border-bottom:2px solid #000}.invisible {display:none}</style>
</head>
<body>
<table>
<tr><th>Test</th><th># Passed</th><th># Skipped</th><th># Retried</th><th># Failed</th><th>Time (ms)</th><th>Included Groups</th><th>Excluded Groups</th></tr>
<tr><th colspan="8">Suite</th></tr>
<tr><td><a href="#t0">Test</a></td><td class="num">5</td><td class="num">0</td><td class="num">0</td><td class="num attn">4</td><td class="num">150,183</td><td></td><td></td></tr>
</table>
<table id='summary'><thead><tr><th>Class</th><th>Method</th><th>Start</th><th>Time (ms)</th></tr></thead><tbody><tr><th colspan="4">Suite</th></tr></tbody><tbody id="t0"><tr><th colspan="4">Test &#8212; failed</th></tr><tr class="failedeven"><td rowspan="1">testCases.AddressbookPageTest</td><td><a href="#m0">addNewAddress</a></td><td rowspan="1">1727032700072</td><td rowspan="1">6010</td></tr><tr class="failedodd"><td rowspan="3">testCases.LoginPageTest</td><td><a href="#m1">verifyLoginWithInvalidIdAndInvalidPassword</a></td><td rowspan="1">1727032712002</td><td rowspan="1">1031</td></tr><tr class="failedodd"><td><a href="#m2">verifyLoginWithInvalidIdAndvalidPassword</a></td><td rowspan="1">1727032717872</td><td rowspan="1">950</td></tr><tr class="failedodd"><td><a href="#m3">verifyLoginWithvalidIdAndInvalidPassword</a></td><td rowspan="1">1727032734818</td><td rowspan="1">1117</td></tr><tr><th colspan="4">Test &#8212; passed</th></tr><tr class="passedeven"><td rowspan="4">testCases.AddressbookPageTest</td><td><a href="#m4">addNewAddress</a></td><td rowspan="4">1727032621854</td><td rowspan="4">18138</td></tr><tr class="passedeven"><td><a href="#m5">addNewAddress</a></td></tr><tr class="passedeven"><td><a href="#m6">addNewAddress</a></td></tr><tr class="passedeven"><td><a href="#m7">addNewAddress</a></td></tr><tr class="passedodd"><td rowspan="1">testCases.LoginPageTest</td><td><a href="#m8">verifyLoginWithValidCredentials</a></td><td rowspan="1">1727032723322</td><td rowspan="1">1284</td></tr></tbody>
</table>
<h2>Test</h2><h3 id="m0">testCases.AddressbookPageTest#addNewAddress</h3><table class="result"><tr><th>Exception</th></tr><tr><td><div class="stacktrace">org.openqa.selenium.NoSuchElementException: Cannot locate option with text: Palestinian Territory
For documentation on this error, please visit: https://www.selenium.dev/documentation/webdriver/troubleshooting/errors#no-such-element-exception
Build info: version: &apos;4.13.0&apos;, revision: &apos;ba948ece5b*&apos;
System info: os.name: &apos;Windows 10&apos;, os.arch: &apos;amd64&apos;, os.version: &apos;10.0&apos;, java.version: &apos;1.8.0_333&apos;
Driver info: driver.version: unknown
	at org.openqa.selenium.support.ui.Select.selectByVisibleText(Select.java:153)
	at pageObjects.AddressBookPage.newAddressWithAllFields(AddressBookPage.java:125)
	at testCases.AddressbookPageTest.addNewAddress(AddressbookPageTest.java:73)
	at java.util.ArrayList.forEach(ArrayList.java:1259)
... Removed 31 stack frames</div></td></tr></table><p class="totop"><a href="#summary">back to summary</a></p>
<h3 id="m1">testCases.LoginPageTest#verifyLoginWithInvalidIdAndInvalidPassword</h3><table class="result"><tr><th>Exception</th></tr><tr><td><div class="stacktrace">java.lang.AssertionError: expected [Warning: Your account has exceeded allowed number of login attempts. Please try again in 1 hour.] but found [Warning: No match for E-Mail Address and/or Password.]
	at testCases.LoginPageTest.verifyLoginWithInvalidIdAndInvalidPassword(LoginPageTest.java:47)
	at java.util.ArrayList.forEach(ArrayList.java:1259)
... Removed 37 stack frames</div></td></tr></table><p class="totop"><a href="#summary">back to summary</a></p>
<h3 id="m2">testCases.LoginPageTest#verifyLoginWithInvalidIdAndvalidPassword</h3><table class="result"><tr><th>Exception</th></tr><tr><td><div class="stacktrace">java.lang.AssertionError: expected [Warning: Your account has exceeded allowed number of login attempts. Please try again in 1 hour.] but found [Warning: No match for E-Mail Address and/or Password.]
	at testCases.LoginPageTest.verifyLoginWithInvalidIdAndvalidPassword(LoginPageTest.java:41)
	at java.util.ArrayList.forEach(ArrayList.java:1259)
... Removed 37 stack frames</div></td></tr></table><p class="totop"><a href="#summary">back to summary</a></p>
<h3 id="m3">testCases.LoginPageTest#verifyLoginWithvalidIdAndInvalidPassword</h3><table class="result"><tr><th>Exception</th></tr><tr><td><div class="stacktrace">java.lang.AssertionError: expected [true] but found [false]
	at testCases.LoginPageTest.verifyLoginWithvalidIdAndInvalidPassword(LoginPageTest.java:35)
	at java.util.ArrayList.forEach(ArrayList.java:1259)
... Removed 37 stack frames</div></td></tr></table><p class="totop"><a href="#summary">back to summary</a></p>
<h3 id="m4">testCases.AddressbookPageTest#addNewAddress</h3><table class="result"><tr><th class="invisible"/></tr></table><p class="totop"><a href="#summary">back to summary</a></p>
<h3 id="m5">testCases.AddressbookPageTest#addNewAddress</h3><table class="result"><tr><th class="invisible"/></tr></table><p class="totop"><a href="#summary">back to summary</a></p>
<h3 id="m6">testCases.AddressbookPageTest#addNewAddress</h3><table class="result"><tr><th class="invisible"/></tr></table><p class="totop"><a href="#summary">back to summary</a></p>
<h3 id="m7">testCases.AddressbookPageTest#addNewAddress</h3><table class="result"><tr><th class="invisible"/></tr></table><p class="totop"><a href="#summary">back to summary</a></p>
<h3 id="m8">testCases.LoginPageTest#verifyLoginWithValidCredentials</h3><table class="result"><tr><th class="invisible"/></tr></table><p class="totop"><a href="#summary">back to summary</a></p>
</body>
</html>
